#
# There is insufficient memory for the Java Runtime Environment to continue.
# Native memory allocation (malloc) failed to allocate 190576 bytes for Chunk::new
# Possible reasons:
#   The system is out of physical RAM or swap space
#   In 32 bit mode, the process size limit was hit
# Possible solutions:
#   Reduce memory load on the system
#   Increase physical memory or swap space
#   Check if swap backing store is full
#   Use 64 bit Java on a 64 bit OS
#   Decrease Java heap size (-Xmx/-Xms)
#   Decrease number of Java threads
#   Decrease Java thread stack sizes (-Xss)
#   Set larger code cache with -XX:ReservedCodeCacheSize=
# This output file may be truncated or incomplete.
#
#  Out of Memory Error (allocation.cpp:390), pid=7840, tid=0x00000000000000f4
#
# JRE version: OpenJDK Runtime Environment (8.0) (build 1.8.0-adoptopenjdk-_2018_05_19_00_59-b00)
# Java VM: OpenJDK 64-Bit Server VM (25.71-b00 mixed mode windows-amd64 compressed oops)
# Failed to write core dump. Minidumps are not enabled by default on client versions of Windows
#

---------------  T H R E A D  ---------------

Current thread (0x0000000014ae3000):  JavaThread "C2 CompilerThread0" daemon [_thread_in_native, id=244, stack(0x0000000016190000,0x0000000016290000)]

Stack: [0x0000000016190000,0x0000000016290000]
[error occurred during error reporting (printing stack bounds), id 0xc0000005]

Native frames: (J=compiled Java code, j=interpreted, Vv=VM code, C=native code)


Current CompileTask:
C2:   8628 2875 %     4       com.sun.org.apache.xerces.internal.impl.XMLEntityScanner::scanData @ 721 (1108 bytes)


---------------  P R O C E S S  ---------------

Java Threads: ( => current thread )
  0x000000001725d000 JavaThread "Keep-Alive-Timer" daemon [_thread_blocked, id=9604, stack(0x0000000018da0000,0x0000000018ea0000)]
  0x00000000164bb000 JavaThread "Service Thread" daemon [_thread_blocked, id=23548, stack(0x0000000016890000,0x0000000016990000)]
  0x0000000014b3d000 JavaThread "C1 CompilerThread2" daemon [_thread_blocked, id=8612, stack(0x0000000016390000,0x0000000016490000)]
  0x0000000014ae7800 JavaThread "C2 CompilerThread1" daemon [_thread_in_native, id=4192, stack(0x0000000016290000,0x0000000016390000)]
=>0x0000000014ae3000 JavaThread "C2 CompilerThread0" daemon [_thread_in_native, id=244, stack(0x0000000016190000,0x0000000016290000)]
  0x0000000014ae1800 JavaThread "Attach Listener" daemon [_thread_blocked, id=19648, stack(0x0000000016090000,0x0000000016190000)]
  0x0000000014ae0000 JavaThread "Signal Dispatcher" daemon [_thread_blocked, id=26072, stack(0x0000000015f90000,0x0000000016090000)]
  0x0000000014ac8000 JavaThread "Finalizer" daemon [_thread_blocked, id=22572, stack(0x0000000015d60000,0x0000000015e60000)]
  0x0000000002576000 JavaThread "Reference Handler" daemon [_thread_blocked, id=10504, stack(0x0000000015c60000,0x0000000015d60000)]
  0x0000000002485800 JavaThread "main" [_thread_in_Java, id=26900, stack(0x0000000002380000,0x0000000002480000)]

Other Threads:
  0x0000000014aa6000 VMThread [stack: 0x0000000015b60000,0x0000000015c60000] [id=17256]
  0x00000000164bc000 WatcherThread [stack: 0x0000000016990000,0x0000000016a90000] [id=25852]

VM state:not at safepoint (normal execution)

VM Mutex/Monitor currently owned by a thread: None

Heap:
 PSYoungGen      total 68608K, used 11083K [0x00000000eb780000, 0x00000000f0180000, 0x0000000100000000)
  eden space 62976K, 15% used [0x00000000eb780000,0x00000000ec14d4a0,0x00000000ef500000)
  from space 5632K, 18% used [0x00000000efb00000,0x00000000efc05760,0x00000000f0080000)
  to   space 6144K, 0% used [0x00000000ef500000,0x00000000ef500000,0x00000000efb00000)
 ParOldGen       total 42496K, used 8272K [0x00000000c2600000, 0x00000000c4f80000, 0x00000000eb780000)
  object space 42496K, 19% used [0x00000000c2600000,0x00000000c2e14238,0x00000000c4f80000)
 Metaspace       used 17922K, capacity 18314K, committed 18560K, reserved 1064960K
  class space    used 2007K, capacity 2147K, committed 2176K, reserved 1048576K

Card table byte_map: [0x0000000011940000,0x0000000011b30000] byte_map_base: 0x000000001132d000

Marking Bits: (ParMarkBitMap*) 0x000000005eabbe50
 Begin Bits: [0x0000000012080000, 0x0000000012fe8000)
 End Bits:   [0x0000000012fe8000, 0x0000000013f50000)

Polling page: 0x0000000000690000

CodeCache: size=245760Kb used=10617Kb max_used=10617Kb free=235142Kb
 bounds [0x0000000002580000, 0x0000000002ff0000, 0x0000000011580000]
 total_blobs=3303 nmethods=2881 adapters=335
 compilation: enabled

Compilation events (10 events):
Event: 8.594 Thread 0x0000000014b3d000 nmethod 2878 0x0000000002fd8090 code [0x0000000002fd8200, 0x0000000002fd8410]
Event: 8.594 Thread 0x0000000014b3d000 2879       3       com.sun.org.apache.xerces.internal.impl.xs.opti.SchemaParsingConfig::checkProperty (90 bytes)
Event: 8.595 Thread 0x0000000014b3d000 nmethod 2879 0x0000000002fd8510 code [0x0000000002fd8740, 0x0000000002fd9688]
Event: 8.604 Thread 0x0000000014b3d000 2880       3       com.sun.org.apache.xerces.internal.impl.xpath.regex.RegularExpression::compile (974 bytes)
Event: 8.605 Thread 0x0000000014ae7800 2881   !   4       com.sun.org.apache.xerces.internal.impl.xs.XMLSchemaValidator::handleStartElement (1451 bytes)
Event: 8.611 Thread 0x0000000014b3d000 nmethod 2880 0x0000000002fd9c10 code [0x0000000002fda540, 0x0000000002fe07e8]
Event: 8.621 Thread 0x0000000014b3d000 2885       3       sun.reflect.AccessorGenerator::add (5 bytes)
Event: 8.621 Thread 0x0000000014b3d000 nmethod 2885 0x0000000002fe4bd0 code [0x0000000002fe4d20, 0x0000000002fe4e70]
Event: 8.625 Thread 0x0000000014b3d000 2886       1       com.sun.xml.internal.bind.v2.util.QNameMap::indexFor (6 bytes)
Event: 8.626 Thread 0x0000000014b3d000 nmethod 2886 0x0000000002ec4010 code [0x0000000002ec4160, 0x0000000002ec4250]

GC Heap History (10 events):
Event: 5.499 GC heap before
{Heap before GC invocations=4 (full 0):
 PSYoungGen      total 18432K, used 18425K [0x00000000eb780000, 0x00000000ecc00000, 0x0000000100000000)
  eden space 15872K, 100% used [0x00000000eb780000,0x00000000ec700000,0x00000000ec700000)
  from space 2560K, 99% used [0x00000000ec700000,0x00000000ec97e4c0,0x00000000ec980000)
  to   space 2560K, 0% used [0x00000000ec980000,0x00000000ec980000,0x00000000ecc00000)
 ParOldGen       total 42496K, used 4564K [0x00000000c2600000, 0x00000000c4f80000, 0x00000000eb780000)
  object space 42496K, 10% used [0x00000000c2600000,0x00000000c2a75078,0x00000000c4f80000)
 Metaspace       used 17565K, capacity 18010K, committed 18304K, reserved 1064960K
  class space    used 2002K, capacity 2139K, committed 2176K, reserved 1048576K
Event: 5.506 GC heap after
Heap after GC invocations=4 (full 0):
 PSYoungGen      total 18432K, used 2539K [0x00000000eb780000, 0x00000000ecc00000, 0x0000000100000000)
  eden space 15872K, 0% used [0x00000000eb780000,0x00000000eb780000,0x00000000ec700000)
  from space 2560K, 99% used [0x00000000ec980000,0x00000000ecbfaca0,0x00000000ecc00000)
  to   space 2560K, 0% used [0x00000000ec700000,0x00000000ec700000,0x00000000ec980000)
 ParOldGen       total 42496K, used 5459K [0x00000000c2600000, 0x00000000c4f80000, 0x00000000eb780000)
  object space 42496K, 12% used [0x00000000c2600000,0x00000000c2b54fc8,0x00000000c4f80000)
 Metaspace       used 17565K, capacity 18010K, committed 18304K, reserved 1064960K
  class space    used 2002K, capacity 2139K, committed 2176K, reserved 1048576K
}
Event: 5.897 GC heap before
{Heap before GC invocations=5 (full 0):
 PSYoungGen      total 18432K, used 18411K [0x00000000eb780000, 0x00000000ecc00000, 0x0000000100000000)
  eden space 15872K, 100% used [0x00000000eb780000,0x00000000ec700000,0x00000000ec700000)
  from space 2560K, 99% used [0x00000000ec980000,0x00000000ecbfaca0,0x00000000ecc00000)
  to   space 2560K, 0% used [0x00000000ec700000,0x00000000ec700000,0x00000000ec980000)
 ParOldGen       total 42496K, used 5459K [0x00000000c2600000, 0x00000000c4f80000, 0x00000000eb780000)
  object space 42496K, 12% used [0x00000000c2600000,0x00000000c2b54fc8,0x00000000c4f80000)
 Metaspace       used 17632K, capacity 18080K, committed 18304K, reserved 1064960K
  class space    used 2003K, capacity 2140K, committed 2176K, reserved 1048576K
Event: 5.906 GC heap after
Heap after GC invocations=5 (full 0):
 PSYoungGen      total 18432K, used 2555K [0x00000000eb780000, 0x00000000ee180000, 0x0000000100000000)
  eden space 15872K, 0% used [0x00000000eb780000,0x00000000eb780000,0x00000000ec700000)
  from space 2560K, 99% used [0x00000000ec700000,0x00000000ec97ec90,0x00000000ec980000)
  to   space 5632K, 0% used [0x00000000edc00000,0x00000000edc00000,0x00000000ee180000)
 ParOldGen       total 42496K, used 5724K [0x00000000c2600000, 0x00000000c4f80000, 0x00000000eb780000)
  object space 42496K, 13% used [0x00000000c2600000,0x00000000c2b97288,0x00000000c4f80000)
 Metaspace       used 17632K, capacity 18080K, committed 18304K, reserved 1064960K
  class space    used 2003K, capacity 2140K, committed 2176K, reserved 1048576K
}
Event: 6.320 GC heap before
{Heap before GC invocations=6 (full 0):
 PSYoungGen      total 18432K, used 18421K [0x00000000eb780000, 0x00000000ee180000, 0x0000000100000000)
  eden space 15872K, 99% used [0x00000000eb780000,0x00000000ec6feb50,0x00000000ec700000)
  from space 2560K, 99% used [0x00000000ec700000,0x00000000ec97ec90,0x00000000ec980000)
  to   space 5632K, 0% used [0x00000000edc00000,0x00000000edc00000,0x00000000ee180000)
 ParOldGen       total 42496K, used 5724K [0x00000000c2600000, 0x00000000c4f80000, 0x00000000eb780000)
  object space 42496K, 13% used [0x00000000c2600000,0x00000000c2b97288,0x00000000c4f80000)
 Metaspace       used 17687K, capacity 18080K, committed 18304K, reserved 1064960K
  class space    used 2003K, capacity 2140K, committed 2176K, reserved 1048576K
Event: 6.329 GC heap after
Heap after GC invocations=6 (full 0):
 PSYoungGen      total 37376K, used 3005K [0x00000000eb780000, 0x00000000ee180000, 0x0000000100000000)
  eden space 31744K, 0% used [0x00000000eb780000,0x00000000eb780000,0x00000000ed680000)
  from space 5632K, 53% used [0x00000000edc00000,0x00000000edeef730,0x00000000ee180000)
  to   space 5632K, 0% used [0x00000000ed680000,0x00000000ed680000,0x00000000edc00000)
 ParOldGen       total 42496K, used 5732K [0x00000000c2600000, 0x00000000c4f80000, 0x00000000eb780000)
  object space 42496K, 13% used [0x00000000c2600000,0x00000000c2b99288,0x00000000c4f80000)
 Metaspace       used 17687K, capacity 18080K, committed 18304K, reserved 1064960K
  class space    used 2003K, capacity 2140K, committed 2176K, reserved 1048576K
}
Event: 7.350 GC heap before
{Heap before GC invocations=7 (full 0):
 PSYoungGen      total 37376K, used 34749K [0x00000000eb780000, 0x00000000ee180000, 0x0000000100000000)
  eden space 31744K, 100% used [0x00000000eb780000,0x00000000ed680000,0x00000000ed680000)
  from space 5632K, 53% used [0x00000000edc00000,0x00000000edeef730,0x00000000ee180000)
  to   space 5632K, 0% used [0x00000000ed680000,0x00000000ed680000,0x00000000edc00000)
 ParOldGen       total 42496K, used 5732K [0x00000000c2600000, 0x00000000c4f80000, 0x00000000eb780000)
  object space 42496K, 13% used [0x00000000c2600000,0x00000000c2b99288,0x00000000c4f80000)
 Metaspace       used 17727K, capacity 18144K, committed 18304K, reserved 1064960K
  class space    used 2003K, capacity 2140K, committed 2176K, reserved 1048576K
Event: 7.396 GC heap after
Heap after GC invocations=7 (full 0):
 PSYoungGen      total 37376K, used 1834K [0x00000000eb780000, 0x00000000f0080000, 0x0000000100000000)
  eden space 31744K, 0% used [0x00000000eb780000,0x00000000eb780000,0x00000000ed680000)
  from space 5632K, 32% used [0x00000000ed680000,0x00000000ed84a960,0x00000000edc00000)
  to   space 5632K, 0% used [0x00000000efb00000,0x00000000efb00000,0x00000000f0080000)
 ParOldGen       total 42496K, used 7190K [0x00000000c2600000, 0x00000000c4f80000, 0x00000000eb780000)
  object space 42496K, 16% used [0x00000000c2600000,0x00000000c2d05a38,0x00000000c4f80000)
 Metaspace       used 17727K, capacity 18144K, committed 18304K, reserved 1064960K
  class space    used 2003K, capacity 2140K, committed 2176K, reserved 1048576K
}
Event: 8.434 GC heap before
{Heap before GC invocations=8 (full 0):
 PSYoungGen      total 37376K, used 33578K [0x00000000eb780000, 0x00000000f0080000, 0x0000000100000000)
  eden space 31744K, 100% used [0x00000000eb780000,0x00000000ed680000,0x00000000ed680000)
  from space 5632K, 32% used [0x00000000ed680000,0x00000000ed84a960,0x00000000edc00000)
  to   space 5632K, 0% used [0x00000000efb00000,0x00000000efb00000,0x00000000f0080000)
 ParOldGen       total 42496K, used 7190K [0x00000000c2600000, 0x00000000c4f80000, 0x00000000eb780000)
  object space 42496K, 16% used [0x00000000c2600000,0x00000000c2d05a38,0x00000000c4f80000)
 Metaspace       used 17840K, capacity 18238K, committed 18304K, reserved 1064960K
  class space    used 2006K, capacity 2145K, committed 2176K, reserved 1048576K
Event: 8.438 GC heap after
Heap after GC invocations=8 (full 0):
 PSYoungGen      total 68608K, used 1045K [0x00000000eb780000, 0x00000000f0180000, 0x0000000100000000)
  eden space 62976K, 0% used [0x00000000eb780000,0x00000000eb780000,0x00000000ef500000)
  from space 5632K, 18% used [0x00000000efb00000,0x00000000efc05760,0x00000000f0080000)
  to   space 6144K, 0% used [0x00000000ef500000,0x00000000ef500000,0x00000000efb00000)
 ParOldGen       total 42496K, used 8272K [0x00000000c2600000, 0x00000000c4f80000, 0x00000000eb780000)
  object space 42496K, 19% used [0x00000000c2600000,0x00000000c2e14238,0x00000000c4f80000)
 Metaspace       used 17840K, capacity 18238K, committed 18304K, reserved 1064960K
  class space    used 2006K, capacity 2145K, committed 2176K, reserved 1048576K
}

Deoptimization events (10 events):
Event: 5.122 Thread 0x0000000002485800 Uncommon trap: reason=unstable_if action=reinterpret pc=0x0000000002a52268 method=com.sun.org.apache.xerces.internal.impl.io.UTF8Reader.read([CII)I @ 131
Event: 5.124 Thread 0x0000000002485800 Uncommon trap: reason=bimorphic action=maybe_recompile pc=0x0000000002983e44 method=java.util.regex.Pattern$Curly.match0(Ljava/util/regex/Matcher;IILjava/lang/CharSequence;)Z @ 141
Event: 5.124 Thread 0x0000000002485800 Uncommon trap: reason=unstable_if action=reinterpret pc=0x000000000298340c method=java.util.regex.Pattern$Ctype.isSatisfiedBy(I)Z @ 4
Event: 5.138 Thread 0x0000000002485800 Uncommon trap: reason=unstable_if action=reinterpret pc=0x0000000002a3d184 method=java.util.regex.Matcher.find()Z @ 34
Event: 5.808 Thread 0x0000000002485800 Uncommon trap: reason=unstable_if action=reinterpret pc=0x000000000299c030 method=com.sun.org.apache.xerces.internal.impl.XMLEntityScanner.scanContent(Lcom/sun/org/apache/xerces/internal/xni/XMLString;)I @ 418
Event: 6.715 Thread 0x0000000002485800 Uncommon trap: reason=unstable_if action=reinterpret pc=0x0000000002d977d4 method=com.sun.org.apache.xerces.internal.impl.XMLDocumentFragmentScannerImpl$FragmentContentDriver.next()I @ 823
Event: 7.015 Thread 0x0000000002485800 Uncommon trap: reason=unstable_if action=reinterpret pc=0x0000000002c35074 method=com.sun.crypto.provider.GaloisCounterMode.increment32([B)V @ 39
Event: 7.015 Thread 0x0000000002485800 Uncommon trap: reason=unstable_if action=reinterpret pc=0x0000000002c2a898 method=com.sun.crypto.provider.GaloisCounterMode.increment32([B)V @ 39
Event: 7.016 Thread 0x0000000002485800 Uncommon trap: reason=unstable_if action=reinterpret pc=0x0000000002c1908c method=com.sun.crypto.provider.GaloisCounterMode.increment32([B)V @ 39
Event: 7.856 Thread 0x0000000002485800 Uncommon trap: reason=unstable_if action=reinterpret pc=0x0000000002de0d48 method=com.sun.org.apache.xerces.internal.impl.xpath.regex.RangeToken.match(I)Z @ 4

Classes redefined (0 events):
No events

Internal exceptions (10 events):
Event: 3.047 Thread 0x0000000002485800 Exception <a 'sun/nio/fs/WindowsException'> (0x00000000ec102ce0) thrown at [C:\Users\jenkins\workspace\openjdk8_build_x86-64_windows\openjdk\hotspot\src\share\vm\prims\jni.cpp, line 709]
Event: 3.047 Thread 0x0000000002485800 Exception <a 'sun/nio/fs/WindowsException'> (0x00000000ec104860) thrown at [C:\Users\jenkins\workspace\openjdk8_build_x86-64_windows\openjdk\hotspot\src\share\vm\prims\jni.cpp, line 709]
Event: 3.047 Thread 0x0000000002485800 Exception <a 'sun/nio/fs/WindowsException'> (0x00000000ec105040) thrown at [C:\Users\jenkins\workspace\openjdk8_build_x86-64_windows\openjdk\hotspot\src\share\vm\prims\jni.cpp, line 709]
Event: 3.205 Thread 0x0000000002485800 Exception <a 'sun/nio/fs/WindowsException'> (0x00000000ec4c4b40) thrown at [C:\Users\jenkins\workspace\openjdk8_build_x86-64_windows\openjdk\hotspot\src\share\vm\prims\jni.cpp, line 709]
Event: 4.574 Thread 0x0000000002485800 Implicit null exception at 0x0000000002b89a18 to 0x0000000002b89b5d
Event: 4.710 Thread 0x0000000002485800 Exception <a 'java/lang/ClassNotFoundException': com/sun/org/glassfish/hk2/osgiresourcelocator/ServiceLoader> (0x00000000ec45feb0) thrown at [C:\Users\jenkins\workspace\openjdk8_build_x86-64_windows\openjdk\hotspot\src\share\vm\classfile\systemDictionary.
Event: 4.993 Thread 0x0000000002485800 Exception <a 'java/lang/ClassNotFoundException': com/sun/org/glassfish/hk2/osgiresourcelocator/ServiceLoader> (0x00000000eba1b298) thrown at [C:\Users\jenkins\workspace\openjdk8_build_x86-64_windows\openjdk\hotspot\src\share\vm\classfile\systemDictionary.
Event: 7.650 Thread 0x0000000002485800 Exception <a 'java/lang/ClassNotFoundException': com/sun/org/glassfish/hk2/osgiresourcelocator/ServiceLoader> (0x00000000ebe2f520) thrown at [C:\Users\jenkins\workspace\openjdk8_build_x86-64_windows\openjdk\hotspot\src\share\vm\classfile\systemDictionary.
Event: 7.856 Thread 0x0000000002485800 Implicit null exception at 0x0000000002de0c90 to 0x0000000002de0d31
Event: 8.455 Thread 0x0000000002485800 Exception <a 'java/lang/ClassNotFoundException': com/sun/org/glassfish/hk2/osgiresourcelocator/ServiceLoader> (0x00000000ebc5d800) thrown at [C:\Users\jenkins\workspace\openjdk8_build_x86-64_windows\openjdk\hotspot\src\share\vm\classfile\systemDictionary.

Events (10 events):
Event: 7.859 Thread 0x0000000002485800 DEOPT PACKING pc=0x0000000002e14648 sp=0x000000000247e2a0
Event: 7.859 Thread 0x0000000002485800 DEOPT UNPACKING pc=0x00000000025c75d0 sp=0x000000000247e130 mode 0
Event: 7.906 Thread 0x0000000002485800 DEOPT PACKING pc=0x0000000002e14648 sp=0x000000000247e2a0
Event: 7.906 Thread 0x0000000002485800 DEOPT UNPACKING pc=0x00000000025c75d0 sp=0x000000000247e130 mode 0
Event: 7.922 Thread 0x0000000002485800 DEOPT PACKING pc=0x0000000002e14648 sp=0x000000000247dc00
Event: 7.922 Thread 0x0000000002485800 DEOPT UNPACKING pc=0x00000000025c75d0 sp=0x000000000247da90 mode 0
Event: 8.434 Executing VM operation: ParallelGCFailedAllocation
Event: 8.438 Executing VM operation: ParallelGCFailedAllocation done
Event: 8.455 loading class com/sun/org/glassfish/hk2/osgiresourcelocator/ServiceLoader
Event: 8.455 loading class com/sun/org/glassfish/hk2/osgiresourcelocator/ServiceLoader done


Dynamic libraries:
0x00007ff7f0e50000 - 0x00007ff7f0e85000 	C:\Program Files\Unity\Hub\Editor\2022.1.23f1\Editor\Data\PlaybackEngines\AndroidPlayer\OpenJDK\bin\java.exe
0x00007ffa5cf70000 - 0x00007ffa5d168000 	C:\WINDOWS\SYSTEM32\ntdll.dll
0x00007ffa5c6a0000 - 0x00007ffa5c75f000 	C:\WINDOWS\System32\KERNEL32.DLL
0x00007ffa5ab70000 - 0x00007ffa5ae66000 	C:\WINDOWS\System32\KERNELBASE.dll
0x00007ffa5c370000 - 0x00007ffa5c41f000 	C:\WINDOWS\System32\ADVAPI32.dll
0x00007ffa5c600000 - 0x00007ffa5c69e000 	C:\WINDOWS\System32\msvcrt.dll
0x00007ffa5c500000 - 0x00007ffa5c59c000 	C:\WINDOWS\System32\sechost.dll
0x00007ffa5c970000 - 0x00007ffa5ca96000 	C:\WINDOWS\System32\RPCRT4.dll
0x00007ffa5c760000 - 0x00007ffa5c8fd000 	C:\WINDOWS\System32\USER32.dll
0x00007ffa5ab40000 - 0x00007ffa5ab62000 	C:\WINDOWS\System32\win32u.dll
0x00007ffa5bca0000 - 0x00007ffa5bccc000 	C:\WINDOWS\System32\GDI32.dll
0x00007ffa5a8d0000 - 0x00007ffa5a9e5000 	C:\WINDOWS\System32\gdi32full.dll
0x00007ffa5a830000 - 0x00007ffa5a8cd000 	C:\WINDOWS\System32\msvcp_win.dll
0x00007ffa5a650000 - 0x00007ffa5a750000 	C:\WINDOWS\System32\ucrtbase.dll
0x00007ffa426e0000 - 0x00007ffa4297a000 	C:\WINDOWS\WinSxS\amd64_microsoft.windows.common-controls_6595b64144ccf1df_6.0.19041.1110_none_60b5254171f9507e\COMCTL32.dll
0x00007ffa5c4b0000 - 0x00007ffa5c4e0000 	C:\WINDOWS\System32\IMM32.DLL
0x000000005eb40000 - 0x000000005ec12000 	C:\Program Files\Unity\Hub\Editor\2022.1.23f1\Editor\Data\PlaybackEngines\AndroidPlayer\OpenJDK\jre\bin\msvcr100.dll
0x000000005e2f0000 - 0x000000005eb39000 	C:\Program Files\Unity\Hub\Editor\2022.1.23f1\Editor\Data\PlaybackEngines\AndroidPlayer\OpenJDK\jre\bin\server\jvm.dll
0x00007ffa5c360000 - 0x00007ffa5c368000 	C:\WINDOWS\System32\PSAPI.DLL
0x00007ffa35670000 - 0x00007ffa35679000 	C:\WINDOWS\SYSTEM32\WSOCK32.dll
0x00007ffa5c900000 - 0x00007ffa5c96b000 	C:\WINDOWS\System32\WS2_32.dll
0x00007ffa44fc0000 - 0x00007ffa44fe7000 	C:\WINDOWS\SYSTEM32\WINMM.dll
0x00007ffa4bdd0000 - 0x00007ffa4bdda000 	C:\WINDOWS\SYSTEM32\VERSION.dll
0x00007ffa4b110000 - 0x00007ffa4b11f000 	C:\Program Files\Unity\Hub\Editor\2022.1.23f1\Editor\Data\PlaybackEngines\AndroidPlayer\OpenJDK\jre\bin\verify.dll
0x00007ffa43530000 - 0x00007ffa43559000 	C:\Program Files\Unity\Hub\Editor\2022.1.23f1\Editor\Data\PlaybackEngines\AndroidPlayer\OpenJDK\jre\bin\java.dll
0x00007ffa47050000 - 0x00007ffa47066000 	C:\Program Files\Unity\Hub\Editor\2022.1.23f1\Editor\Data\PlaybackEngines\AndroidPlayer\OpenJDK\jre\bin\zip.dll
0x00007ffa5b030000 - 0x00007ffa5b774000 	C:\WINDOWS\System32\SHELL32.dll
0x00007ffa585e0000 - 0x00007ffa58d74000 	C:\WINDOWS\SYSTEM32\windows.storage.dll
0x00007ffa5bed0000 - 0x00007ffa5c224000 	C:\WINDOWS\System32\combase.dll
0x00007ffa5a020000 - 0x00007ffa5a04e000 	C:\WINDOWS\SYSTEM32\Wldp.dll
0x00007ffa5b780000 - 0x00007ffa5b82d000 	C:\WINDOWS\System32\SHCORE.dll
0x00007ffa5c5a0000 - 0x00007ffa5c5f5000 	C:\WINDOWS\System32\shlwapi.dll
0x00007ffa5a580000 - 0x00007ffa5a5a5000 	C:\WINDOWS\SYSTEM32\profapi.dll
0x00007ffa42d50000 - 0x00007ffa42d6a000 	C:\Program Files\Unity\Hub\Editor\2022.1.23f1\Editor\Data\PlaybackEngines\AndroidPlayer\OpenJDK\jre\bin\net.dll
0x00007ffa59d00000 - 0x00007ffa59d6a000 	C:\WINDOWS\system32\mswsock.dll
0x00007ffa42650000 - 0x00007ffa42661000 	C:\Program Files\Unity\Hub\Editor\2022.1.23f1\Editor\Data\PlaybackEngines\AndroidPlayer\OpenJDK\jre\bin\nio.dll
0x00007ffa3eb90000 - 0x00007ffa3ebb4000 	C:\Program Files\Unity\Hub\Editor\2022.1.23f1\Editor\Data\PlaybackEngines\AndroidPlayer\OpenJDK\jre\bin\sunec.dll
0x00007ffa59f10000 - 0x00007ffa59f28000 	C:\WINDOWS\SYSTEM32\CRYPTSP.dll
0x00007ffa59600000 - 0x00007ffa59634000 	C:\WINDOWS\system32\rsaenh.dll
0x00007ffa5aa60000 - 0x00007ffa5aa87000 	C:\WINDOWS\System32\bcrypt.dll
0x00007ffa5a540000 - 0x00007ffa5a56e000 	C:\WINDOWS\SYSTEM32\USERENV.dll
0x00007ffa5a7a0000 - 0x00007ffa5a822000 	C:\WINDOWS\System32\bcryptprimitives.dll
0x00007ffa59f30000 - 0x00007ffa59f3c000 	C:\WINDOWS\SYSTEM32\CRYPTBASE.dll
0x00007ffa599e0000 - 0x00007ffa59a1c000 	C:\WINDOWS\SYSTEM32\IPHLPAPI.DLL
0x00007ffa5cf20000 - 0x00007ffa5cf28000 	C:\WINDOWS\System32\NSI.dll
0x00007ffa4d5b0000 - 0x00007ffa4d5c7000 	C:\WINDOWS\SYSTEM32\dhcpcsvc6.DLL
0x00007ffa4e860000 - 0x00007ffa4e87d000 	C:\WINDOWS\SYSTEM32\dhcpcsvc.DLL
0x00007ffa59a20000 - 0x00007ffa59aea000 	C:\WINDOWS\SYSTEM32\DNSAPI.dll
0x00007ffa44620000 - 0x00007ffa4462b000 	C:\Program Files\Unity\Hub\Editor\2022.1.23f1\Editor\Data\PlaybackEngines\AndroidPlayer\OpenJDK\jre\bin\sunmscapi.dll
0x00007ffa5ae70000 - 0x00007ffa5afce000 	C:\WINDOWS\System32\CRYPT32.dll
0x00007ffa44240000 - 0x00007ffa4424a000 	C:\Windows\System32\rasadhlp.dll
0x00007ffa4ccf0000 - 0x00007ffa4cd72000 	C:\WINDOWS\System32\fwpuclnt.dll

VM Arguments:
jvm_args: -Dfile.encoding=UTF-8 -Dcom.android.sdklib.toolsdir=C:\Program Files\Unity\Hub\Editor\2022.1.23f1\Editor\Data\PlaybackEngines\AndroidPlayer\SDK\tools\bin\\.. 
java_command: com.android.sdklib.tool.sdkmanager.SdkManagerCli --list
java_class_path (initial): C:\Program Files\Unity\Hub\Editor\2022.1.23f1\Editor\Data\PlaybackEngines\AndroidPlayer\SDK\tools\bin\..\lib\dvlib-26.0.0-dev.jar;C:\Program Files\Unity\Hub\Editor\2022.1.23f1\Editor\Data\PlaybackEngines\AndroidPlayer\SDK\tools\bin\..\lib\jimfs-1.1.jar;C:\Program Files\Unity\Hub\Editor\2022.1.23f1\Editor\Data\PlaybackEngines\AndroidPlayer\SDK\tools\bin\..\lib\jsr305-1.3.9.jar;C:\Program Files\Unity\Hub\Editor\2022.1.23f1\Editor\Data\PlaybackEngines\AndroidPlayer\SDK\tools\bin\..\lib\repository-26.0.0-dev.jar;C:\Program Files\Unity\Hub\Editor\2022.1.23f1\Editor\Data\PlaybackEngines\AndroidPlayer\SDK\tools\bin\..\lib\j2objc-annotations-1.1.jar;C:\Program Files\Unity\Hub\Editor\2022.1.23f1\Editor\Data\PlaybackEngines\AndroidPlayer\SDK\tools\bin\..\lib\layoutlib-api-26.0.0-dev.jar;C:\Program Files\Unity\Hub\Editor\2022.1.23f1\Editor\Data\PlaybackEngines\AndroidPlayer\SDK\tools\bin\..\lib\gson-2.3.jar;C:\Program Files\Unity\Hub\Editor\2022.1.23f1\Editor\Data\PlaybackEngines\AndroidPlayer\SDK\tools\bin\..\lib\httpcore-4.2.5.jar;C:\Program Files\Unity\Hub\Editor\2022.1.23f1\Editor\Data\PlaybackEngines\AndroidPlayer\SDK\tools\bin\..\lib\commons-logging-1.1.1.jar;C:\Program Files\Unity\Hub\Editor\2022.1.23f1\Editor\Data\PlaybackEngines\AndroidPlayer\SDK\tools\bin\..\lib\commons-compress-1.12.jar;C:\Program Files\Unity\Hub\Editor\2022.1.23f1\Editor\Data\PlaybackEngines\AndroidPlayer\SDK\tools\bin\..\lib\annotations-26.0.0-dev.jar;C:\Program Files\Unity\Hub\Editor\2022.1.23f1\Editor\Data\PlaybackEngines\AndroidPlayer\SDK\tools\bin\..\lib\error_prone_annotations-2.0.18.jar;C:\Program Files\Unity\Hub\Editor\2022.1.23f1\Editor\Data\PlaybackEngines\AndroidPlayer\SDK\tools\bin\..\lib\animal-sniffer-annotations-1.14.jar;C:\Program Files\Unity\Hub\Editor\2022.1.23f1\Editor\Data\PlaybackEngines\AndroidPlayer\SDK\tools\bin\..\lib\httpclient-4.2.6.jar;C:\Program Files\Unity\Hub\Editor\2022.1.23f1\Editor\Data\PlaybackEngines\AndroidPlayer\SDK\tools\bin\..\lib
Launcher Type: SUN_STANDARD

Environment Variables:
JAVA_HOME=C:\Program Files\Unity\Hub\Editor\2022.1.23f1\Editor\Data\PlaybackEngines\AndroidPlayer\OpenJDK
JAVA_TOOL_OPTIONS=-Dfile.encoding=UTF-8
PATH=%SystemRoot%\system32;%SystemRoot%;%SystemRoot%\System32\Wbem;%SYSTEMROOT%\System32\WindowsPowerShell\v1.0\;%SYSTEMROOT%\System32\OpenSSH\;C:\Program Files\Git\cmd;C:\Program Files\nodejs\;C:\Program Files\nodejs\npm;;C:\Android;C:\Windows\System32;C:\Users\Ogylan\AppData\Local\Microsoft\WindowsApps;C:\Users\Ogylan\AppData\Local\GitHubDesktop\bin;C:\Users\Ogylan\AppData\Roaming\npm;C:\Program Files\nodejs;C:\Program Files\nodejs\npm;C:\Program Files\Unity\Hub\Editor\2019.2.4f1\Editor\Data\PlaybackEngines\AndroidPlayer\OpenJDK\jre\bin;C:\Progra~1\Java\jdk-14.0.1;C:\Progra~1\Unity\Hub\Editor\2019.2.4f1\Editor\Data\PlaybackEngines\AndroidPlayer\Tools\OpenJDK\Windows;;%USERPROFILE%\AppData\Local\Microsoft\WindowsApps
USERNAME=Ogylan
OS=Windows_NT
PROCESSOR_IDENTIFIER=Intel64 Family 6 Model 142 Stepping 9, GenuineIntel



---------------  S Y S T E M  ---------------

OS: Windows 10.0 , 64 bit Build 19041 (10.0.19041.3155)

CPU:total 4 (initial active 4) (2 cores per cpu, 2 threads per core) family 6 model 142 stepping 9, cmov, cx8, fxsr, mmx, sse, sse2, sse3, ssse3, sse4.1, sse4.2, popcnt, avx, avx2, aes, clmul, erms, 3dnowpref, lzcnt, ht, tsc, tscinvbit, bmi1, bmi2, adx

Memory: 4k page, physical 4033548k(267988k free), swap 16616460k(2112k free)

vm_info: OpenJDK 64-Bit Server VM (25.71-b00) for windows-amd64 JRE (1.8.0-adoptopenjdk-_2018_05_19_00_59-b00), built on May 19 2018 01:02:12 by "jenkins" with MS VC++ 10.0 (VS2010)

time: Tue Jul 25 18:01:07 2023
elapsed time: 8 seconds (0d 0h 0m 8s)

